2024-07-01 11:59:57 [main] INFO  c.n.a.AccountModuleApplication - Starting AccountModuleApplication using Java 19.0.2 with PID 25308 (D:\Java Pathway\Banking Application\account-module\target\classes started by sakshamjoshi in D:\Java Pathway\Banking Application\account-module)
2024-07-01 11:59:57 [main] DEBUG c.n.a.AccountModuleApplication - Running with Spring Boot v3.2.7, Spring v6.1.10
2024-07-01 11:59:57 [main] INFO  c.n.a.AccountModuleApplication - No active profile set, falling back to 1 default profile: "default"
2024-07-01 12:00:02 [main] INFO  c.n.a.AccountModuleApplication - Started AccountModuleApplication in 4.892 seconds (process running for 5.479)
2024-07-01 12:00:07 [http-nio-8082-exec-2] DEBUG c.n.a.controller.AccountController - Inside Account
2024-07-01 12:00:07 [http-nio-8082-exec-2] DEBUG c.n.a.s.impl.AccountServiceImpl - Inside create account
2024-07-01 12:00:08 [http-nio-8082-exec-4] DEBUG c.n.a.controller.AccountController - Inside Account
2024-07-01 12:00:08 [http-nio-8082-exec-4] DEBUG c.n.a.s.impl.AccountServiceImpl - Inside create account
2024-07-01 12:00:27 [http-nio-8082-exec-6] DEBUG c.n.a.controller.AccountController - Inside Account
2024-07-01 12:00:27 [http-nio-8082-exec-6] DEBUG c.n.a.s.impl.AccountServiceImpl - Inside create account
2024-07-01 12:00:27 [http-nio-8082-exec-6] INFO  c.n.a.s.impl.AccountServiceImpl - Account created
2024-07-01 12:00:27 [http-nio-8082-exec-6] DEBUG c.n.a.controller.AccountController - New account created in controller
2024-07-01 12:03:02 [main] INFO  c.n.a.AccountModuleApplication - Starting AccountModuleApplication using Java 19.0.2 with PID 37716 (D:\Java Pathway\Banking Application\account-module\target\classes started by sakshamjoshi in D:\Java Pathway\Banking Application\account-module)
2024-07-01 12:03:02 [main] DEBUG c.n.a.AccountModuleApplication - Running with Spring Boot v3.2.7, Spring v6.1.10
2024-07-01 12:03:02 [main] INFO  c.n.a.AccountModuleApplication - No active profile set, falling back to 1 default profile: "default"
2024-07-01 12:03:06 [main] INFO  c.n.a.AccountModuleApplication - Started AccountModuleApplication in 4.304 seconds (process running for 4.856)
2024-07-01 12:03:20 [http-nio-8082-exec-2] DEBUG c.n.a.controller.AccountController - Inside Account
2024-07-01 12:03:20 [http-nio-8082-exec-2] DEBUG c.n.a.s.impl.AccountServiceImpl - Inside create account
2024-07-01 12:04:06 [main] INFO  c.n.a.AccountModuleApplication - Starting AccountModuleApplication using Java 19.0.2 with PID 25844 (D:\Java Pathway\Banking Application\account-module\target\classes started by sakshamjoshi in D:\Java Pathway\Banking Application\account-module)
2024-07-01 12:04:06 [main] DEBUG c.n.a.AccountModuleApplication - Running with Spring Boot v3.2.7, Spring v6.1.10
2024-07-01 12:04:06 [main] INFO  c.n.a.AccountModuleApplication - No active profile set, falling back to 1 default profile: "default"
2024-07-01 12:04:10 [main] INFO  c.n.a.AccountModuleApplication - Started AccountModuleApplication in 5.136 seconds (process running for 5.716)
2024-07-01 12:04:26 [main] INFO  c.n.a.AccountModuleApplication - Starting AccountModuleApplication using Java 19.0.2 with PID 25672 (D:\Java Pathway\Banking Application\account-module\target\classes started by sakshamjoshi in D:\Java Pathway\Banking Application\account-module)
2024-07-01 12:04:26 [main] DEBUG c.n.a.AccountModuleApplication - Running with Spring Boot v3.2.7, Spring v6.1.10
2024-07-01 12:04:26 [main] INFO  c.n.a.AccountModuleApplication - No active profile set, falling back to 1 default profile: "default"
2024-07-01 12:04:30 [main] INFO  c.n.a.AccountModuleApplication - Started AccountModuleApplication in 4.507 seconds (process running for 5.058)
2024-07-01 12:05:05 [http-nio-8082-exec-1] DEBUG c.n.a.controller.AccountController - Inside Account
2024-07-01 12:05:05 [http-nio-8082-exec-1] DEBUG c.n.a.s.impl.AccountServiceImpl - Inside create account
2024-07-01 12:07:47 [main] INFO  c.n.a.AccountModuleApplication - Starting AccountModuleApplication using Java 19.0.2 with PID 22288 (D:\Java Pathway\Banking Application\account-module\target\classes started by sakshamjoshi in D:\Java Pathway\Banking Application\account-module)
2024-07-01 12:07:47 [main] DEBUG c.n.a.AccountModuleApplication - Running with Spring Boot v3.2.7, Spring v6.1.10
2024-07-01 12:07:47 [main] INFO  c.n.a.AccountModuleApplication - No active profile set, falling back to 1 default profile: "default"
2024-07-01 12:07:52 [main] INFO  c.n.a.AccountModuleApplication - Started AccountModuleApplication in 5.478 seconds (process running for 6.165)
2024-07-01 12:07:53 [http-nio-8082-exec-2] DEBUG c.n.a.controller.AccountController - Inside Account
2024-07-01 12:07:53 [http-nio-8082-exec-2] DEBUG c.n.a.s.impl.AccountServiceImpl - Inside create account
2024-07-01 12:08:41 [main] INFO  c.n.a.AccountModuleApplication - Starting AccountModuleApplication using Java 19.0.2 with PID 21924 (D:\Java Pathway\Banking Application\account-module\target\classes started by sakshamjoshi in D:\Java Pathway\Banking Application\account-module)
2024-07-01 12:08:41 [main] DEBUG c.n.a.AccountModuleApplication - Running with Spring Boot v3.2.7, Spring v6.1.10
2024-07-01 12:08:41 [main] INFO  c.n.a.AccountModuleApplication - No active profile set, falling back to 1 default profile: "default"
2024-07-01 12:08:45 [main] INFO  c.n.a.AccountModuleApplication - Started AccountModuleApplication in 4.488 seconds (process running for 5.067)
2024-07-01 12:08:48 [http-nio-8082-exec-2] DEBUG c.n.a.controller.AccountController - Inside Account
2024-07-01 12:08:48 [http-nio-8082-exec-2] DEBUG c.n.a.s.impl.AccountServiceImpl - Inside create account
2024-07-01 12:45:05 [main] INFO  c.n.a.AccountModuleApplication - Starting AccountModuleApplication using Java 19.0.2 with PID 35272 (D:\Java Pathway\Banking Application\account-module\target\classes started by sakshamjoshi in D:\Java Pathway\Banking Application\account-module)
2024-07-01 12:45:05 [main] DEBUG c.n.a.AccountModuleApplication - Running with Spring Boot v3.2.7, Spring v6.1.10
2024-07-01 12:45:05 [main] INFO  c.n.a.AccountModuleApplication - No active profile set, falling back to 1 default profile: "default"
2024-07-01 12:45:12 [main] INFO  c.n.a.AccountModuleApplication - Started AccountModuleApplication in 7.145 seconds (process running for 8.058)
