2024-06-17 18:14:13 [http-nio-8085-exec-7] ERROR c.n.u.service.impl.UserServiceImpl - User already exists
2024-06-17 18:14:19 [http-nio-8085-exec-9] ERROR c.n.u.service.impl.UserServiceImpl - User already exists
2024-06-17 18:21:35 [main] ERROR c.n.u.service.impl.UserServiceImpl - Admin already exists
2024-06-17 18:26:55 [main] ERROR c.n.u.service.impl.UserServiceImpl - Admin already exists
2024-06-19 15:37:31 [https-jsse-nio-443-exec-8] ERROR c.n.u.service.impl.AuthServiceImpl - Incorrect Credentials
2024-06-19 15:38:04 [https-jsse-nio-443-exec-5] ERROR c.n.u.service.impl.AuthServiceImpl - Incorrect Credentials
2024-06-19 15:39:59 [https-jsse-nio-443-exec-10] ERROR c.n.u.service.impl.UserServiceImpl - User already exists
2024-06-19 15:42:22 [https-jsse-nio-443-exec-6] ERROR c.n.u.service.impl.UserServiceImpl - User not found with email:nagarro@nagarro@gmail.com
2024-06-24 10:36:17 [https-jsse-nio-443-exec-7] ERROR c.n.u.service.impl.AuthServiceImpl - Incorrect Credentials
2024-06-24 10:36:28 [https-jsse-nio-443-exec-8] ERROR c.n.u.service.impl.AuthServiceImpl - Incorrect Credentials
2024-06-24 10:36:49 [https-jsse-nio-443-exec-9] ERROR c.n.u.service.impl.AuthServiceImpl - Incorrect Credentials
2024-06-24 10:42:15 [https-jsse-nio-443-exec-1] ERROR c.n.u.service.impl.UserServiceImpl - Email already exists
2024-06-24 10:44:19 [https-jsse-nio-443-exec-4] ERROR c.n.u.service.impl.UserServiceImpl - User not found with id:2 inside getUserById
2024-06-24 10:45:02 [https-jsse-nio-443-exec-5] ERROR c.n.u.service.impl.UserServiceImpl - User not found with id:2 inside getUserById
2024-06-25 10:50:35 [https-jsse-nio-443-exec-3] ERROR c.n.u.service.impl.UserServiceImpl - User not found with email:sakshamjoshi1975@gmail.com
2024-06-25 10:51:06 [https-jsse-nio-443-exec-6] ERROR c.n.u.service.impl.UserServiceImpl - Email already exists
2024-06-25 10:52:19 [https-jsse-nio-443-exec-6] ERROR c.n.u.service.impl.UserServiceImpl - Email already exists
2024-06-25 10:52:22 [https-jsse-nio-443-exec-3] ERROR c.n.u.service.impl.UserServiceImpl - Email already exists
2024-06-25 10:53:49 [https-jsse-nio-443-exec-8] ERROR c.n.u.service.impl.UserServiceImpl - Email already exists
2024-06-25 11:11:11 [https-jsse-nio-443-exec-6] ERROR c.n.u.service.impl.UserServiceImpl - User not found with email:nagarro@gmail.com
2024-06-25 11:11:27 [https-jsse-nio-443-exec-7] ERROR c.n.u.service.impl.AuthServiceImpl - Incorrect Credentials
2024-06-25 11:11:54 [https-jsse-nio-443-exec-10] ERROR c.n.u.service.impl.UserServiceImpl - Admin already exists
2024-06-25 11:27:23 [https-jsse-nio-443-exec-10] ERROR c.n.u.service.impl.UserServiceImpl - User not found with id:6 inside getUserById
2024-06-25 11:29:31 [https-jsse-nio-443-exec-2] ERROR c.n.u.service.impl.UserServiceImpl - User not found with id:6 inside getUserById
2024-06-25 11:30:00 [https-jsse-nio-443-exec-4] ERROR c.n.u.service.impl.UserServiceImpl - Email already exists
2024-06-26 12:13:51 [https-jsse-nio-443-exec-4] ERROR c.n.u.service.impl.UserServiceImpl - User not found with id:6 inside getUserById
