2024-06-07 16:33:39 [main] INFO  c.n.usermodule.UserModuleApplication - Starting UserModuleApplication using Java 19.0.2 with PID 32228 (D:\Java Pathway\user-module\target\classes started by sakshamjoshi in D:\Java Pathway\user-module)
2024-06-07 16:33:39 [main] DEBUG c.n.usermodule.UserModuleApplication - Running with Spring Boot v3.2.5, Spring v6.1.6
2024-06-07 16:33:39 [main] INFO  c.n.usermodule.UserModuleApplication - No active profile set, falling back to 1 default profile: "default"
2024-06-07 16:33:45 [main] DEBUG c.n.usermodule.config.JwtAuthFilter - Filter 'jwtAuthFilter' configured for use
2024-06-07 16:33:46 [main] INFO  c.n.usermodule.UserModuleApplication - Started UserModuleApplication in 7.62 seconds (process running for 8.375)
2024-06-07 16:34:03 [http-nio-8085-exec-2] DEBUG c.n.u.service.impl.UserServiceImpl - Inside getting all users
2024-06-07 16:34:04 [http-nio-8085-exec-2] INFO  c.n.u.controller.UserController - Got List of users
2024-06-07 16:34:05 [http-nio-8085-exec-3] DEBUG c.n.u.service.impl.UserServiceImpl - Inside getting all users
2024-06-07 16:34:05 [http-nio-8085-exec-3] INFO  c.n.u.controller.UserController - Got List of users
2024-06-07 16:34:06 [http-nio-8085-exec-4] DEBUG c.n.u.service.impl.UserServiceImpl - Inside getting all users
2024-06-07 16:34:06 [http-nio-8085-exec-4] INFO  c.n.u.controller.UserController - Got List of users
2024-06-07 16:34:10 [http-nio-8085-exec-5] DEBUG c.n.u.service.impl.AuthServiceImpl - Inside authenticate User
2024-06-07 16:34:10 [http-nio-8085-exec-5] DEBUG c.n.u.service.impl.UserServiceImpl - Inside getting user by email
2024-06-07 16:34:10 [http-nio-8085-exec-5] INFO  c.n.u.service.impl.AuthServiceImpl - Generating JWT Token
2024-06-07 16:34:10 [http-nio-8085-exec-5] DEBUG c.n.u.service.impl.AuthServiceImpl - Inside generateJWTToken function
2024-06-07 16:34:10 [http-nio-8085-exec-5] DEBUG c.n.u.service.impl.UserServiceImpl - Inside getting user by email
2024-06-07 16:34:10 [http-nio-8085-exec-5] DEBUG c.n.u.service.impl.UserServiceImpl - Inside getting user by email
2024-06-07 16:34:10 [http-nio-8085-exec-5] INFO  c.n.u.controller.AuthController - Login is successful
2024-06-07 16:34:43 [http-nio-8085-exec-6] DEBUG c.n.u.service.impl.UserServiceImpl - Inside Add Users
2024-06-07 16:34:43 [http-nio-8085-exec-6] INFO  c.n.u.service.impl.UserServiceImpl - Password is encrypted inside Add users
2024-06-07 16:34:43 [http-nio-8085-exec-6] DEBUG c.n.u.service.impl.UserServiceImpl - User is saved
2024-06-07 16:34:43 [http-nio-8085-exec-6] INFO  c.n.u.controller.UserController - New User Created
2024-06-07 16:34:50 [http-nio-8085-exec-7] DEBUG c.n.u.service.impl.UserServiceImpl - Inside Add Users
2024-06-07 16:34:50 [http-nio-8085-exec-7] ERROR c.n.u.service.impl.UserServiceImpl - User already exists
2024-06-07 16:35:14 [http-nio-8085-exec-9] DEBUG c.n.u.service.impl.UserServiceImpl - Inside update User
2024-06-07 16:35:14 [http-nio-8085-exec-9] ERROR c.n.u.service.impl.UserServiceImpl - Inputs are blank in updateUser
2024-06-09 18:41:34 [main] INFO  c.n.usermodule.UserModuleApplication - Starting UserModuleApplication using Java 17.0.11 with PID 31916 (C:\Users\kamadnayyar\OneDrive - Nagarro\Desktop\java-pathway\java-pathway\user-module\target\classes started by kamadnayyar in C:\Users\kamadnayyar\OneDrive - Nagarro\Desktop\java-pathway\java-pathway\user-module)
2024-06-09 18:41:34 [main] DEBUG c.n.usermodule.UserModuleApplication - Running with Spring Boot v3.2.5, Spring v6.1.6
2024-06-09 18:41:34 [main] INFO  c.n.usermodule.UserModuleApplication - No active profile set, falling back to 1 default profile: "default"
2024-06-09 18:41:40 [main] DEBUG c.n.usermodule.config.JwtAuthFilter - Filter 'jwtAuthFilter' configured for use
2024-06-09 18:43:36 [main] INFO  c.n.usermodule.UserModuleApplication - Starting UserModuleApplication using Java 17.0.11 with PID 18112 (C:\Users\kamadnayyar\OneDrive - Nagarro\Desktop\java-pathway\java-pathway\user-module\target\classes started by kamadnayyar in C:\Users\kamadnayyar\OneDrive - Nagarro\Desktop\java-pathway\java-pathway\user-module)
2024-06-09 18:43:36 [main] DEBUG c.n.usermodule.UserModuleApplication - Running with Spring Boot v3.2.5, Spring v6.1.6
2024-06-09 18:43:36 [main] INFO  c.n.usermodule.UserModuleApplication - No active profile set, falling back to 1 default profile: "default"
2024-06-09 18:43:41 [main] DEBUG c.n.usermodule.config.JwtAuthFilter - Filter 'jwtAuthFilter' configured for use
2024-06-09 18:43:41 [main] INFO  c.n.usermodule.UserModuleApplication - Started UserModuleApplication in 5.869 seconds (process running for 7.618)
2024-06-09 18:45:52 [main] INFO  c.n.usermodule.UserModuleApplication - Starting UserModuleApplication using Java 17.0.11 with PID 15140 (C:\Users\kamadnayyar\OneDrive - Nagarro\Desktop\java-pathway\java-pathway\user-module\target\classes started by kamadnayyar in C:\Users\kamadnayyar\OneDrive - Nagarro\Desktop\java-pathway\java-pathway\user-module)
2024-06-09 18:45:52 [main] DEBUG c.n.usermodule.UserModuleApplication - Running with Spring Boot v3.2.5, Spring v6.1.6
2024-06-09 18:45:52 [main] INFO  c.n.usermodule.UserModuleApplication - No active profile set, falling back to 1 default profile: "default"
2024-06-09 18:45:56 [main] DEBUG c.n.usermodule.config.JwtAuthFilter - Filter 'jwtAuthFilter' configured for use
2024-06-09 18:45:57 [main] INFO  c.n.usermodule.UserModuleApplication - Started UserModuleApplication in 5.109 seconds (process running for 5.651)
2024-06-09 18:53:04 [main] INFO  c.n.usermodule.UserModuleApplication - Starting UserModuleApplication using Java 17.0.11 with PID 28260 (C:\Users\kamadnayyar\OneDrive - Nagarro\Desktop\java-pathway\java-pathway\user-module\target\classes started by kamadnayyar in C:\Users\kamadnayyar\OneDrive - Nagarro\Desktop\java-pathway\java-pathway\user-module)
2024-06-09 18:53:04 [main] DEBUG c.n.usermodule.UserModuleApplication - Running with Spring Boot v3.2.5, Spring v6.1.6
2024-06-09 18:53:04 [main] INFO  c.n.usermodule.UserModuleApplication - No active profile set, falling back to 1 default profile: "default"
2024-06-09 18:53:09 [main] DEBUG c.n.usermodule.config.JwtAuthFilter - Filter 'jwtAuthFilter' configured for use
2024-06-09 18:53:09 [main] INFO  c.n.usermodule.UserModuleApplication - Started UserModuleApplication in 5.415 seconds (process running for 6.075)
2024-06-09 18:57:30 [main] INFO  c.n.usermodule.UserModuleApplication - Starting UserModuleApplication using Java 17.0.11 with PID 25136 (C:\Users\kamadnayyar\OneDrive - Nagarro\Desktop\java-pathway\java-pathway\user-module\target\classes started by kamadnayyar in C:\Users\kamadnayyar\OneDrive - Nagarro\Desktop\java-pathway\java-pathway\user-module)
2024-06-09 18:57:30 [main] DEBUG c.n.usermodule.UserModuleApplication - Running with Spring Boot v3.2.5, Spring v6.1.6
2024-06-09 18:57:30 [main] INFO  c.n.usermodule.UserModuleApplication - No active profile set, falling back to 1 default profile: "default"
2024-06-09 18:57:36 [main] DEBUG c.n.usermodule.config.JwtAuthFilter - Filter 'jwtAuthFilter' configured for use
2024-06-09 18:57:38 [main] INFO  c.n.usermodule.UserModuleApplication - Started UserModuleApplication in 7.916 seconds (process running for 9.526)
2024-06-09 18:58:41 [main] INFO  c.n.usermodule.UserModuleApplication - Starting UserModuleApplication using Java 17.0.11 with PID 16312 (C:\Users\kamadnayyar\OneDrive - Nagarro\Desktop\java-pathway\java-pathway\user-module\target\classes started by kamadnayyar in C:\Users\kamadnayyar\OneDrive - Nagarro\Desktop\java-pathway\java-pathway\user-module)
2024-06-09 18:58:41 [main] DEBUG c.n.usermodule.UserModuleApplication - Running with Spring Boot v3.2.5, Spring v6.1.6
2024-06-09 18:58:41 [main] INFO  c.n.usermodule.UserModuleApplication - No active profile set, falling back to 1 default profile: "default"
2024-06-09 18:58:45 [main] DEBUG c.n.usermodule.config.JwtAuthFilter - Filter 'jwtAuthFilter' configured for use
2024-06-09 18:58:46 [main] INFO  c.n.usermodule.UserModuleApplication - Started UserModuleApplication in 5.28 seconds (process running for 5.798)
2024-06-09 18:59:41 [main] INFO  c.n.usermodule.UserModuleApplication - Starting UserModuleApplication using Java 17.0.11 with PID 6556 (C:\Users\kamadnayyar\OneDrive - Nagarro\Desktop\java-pathway\java-pathway\user-module\target\classes started by kamadnayyar in C:\Users\kamadnayyar\OneDrive - Nagarro\Desktop\java-pathway\java-pathway\user-module)
2024-06-09 18:59:41 [main] DEBUG c.n.usermodule.UserModuleApplication - Running with Spring Boot v3.2.5, Spring v6.1.6
2024-06-09 18:59:41 [main] INFO  c.n.usermodule.UserModuleApplication - No active profile set, falling back to 1 default profile: "default"
2024-06-09 18:59:45 [main] DEBUG c.n.usermodule.config.JwtAuthFilter - Filter 'jwtAuthFilter' configured for use
2024-06-09 18:59:46 [main] INFO  c.n.usermodule.UserModuleApplication - Started UserModuleApplication in 5.093 seconds (process running for 5.679)
2024-06-09 19:08:00 [main] INFO  c.n.usermodule.UserModuleApplication - Starting UserModuleApplication using Java 17.0.11 with PID 22508 (C:\Users\kamadnayyar\OneDrive - Nagarro\Desktop\java-pathway\java-pathway\user-module\target\classes started by kamadnayyar in C:\Users\kamadnayyar\OneDrive - Nagarro\Desktop\java-pathway\java-pathway\user-module)
2024-06-09 19:08:00 [main] DEBUG c.n.usermodule.UserModuleApplication - Running with Spring Boot v3.2.5, Spring v6.1.6
2024-06-09 19:08:00 [main] INFO  c.n.usermodule.UserModuleApplication - No active profile set, falling back to 1 default profile: "default"
2024-06-09 19:08:04 [main] DEBUG c.n.usermodule.config.JwtAuthFilter - Filter 'jwtAuthFilter' configured for use
2024-06-09 19:08:04 [main] INFO  c.n.usermodule.UserModuleApplication - Started UserModuleApplication in 5.041 seconds (process running for 5.574)
2024-06-09 19:09:47 [main] INFO  c.n.usermodule.UserModuleApplication - Starting UserModuleApplication using Java 17.0.11 with PID 3296 (C:\Users\kamadnayyar\OneDrive - Nagarro\Desktop\java-pathway\java-pathway\user-module\target\classes started by kamadnayyar in C:\Users\kamadnayyar\OneDrive - Nagarro\Desktop\java-pathway\java-pathway\user-module)
2024-06-09 19:09:47 [main] DEBUG c.n.usermodule.UserModuleApplication - Running with Spring Boot v3.2.5, Spring v6.1.6
2024-06-09 19:09:47 [main] INFO  c.n.usermodule.UserModuleApplication - No active profile set, falling back to 1 default profile: "default"
2024-06-09 19:09:51 [main] DEBUG c.n.usermodule.config.JwtAuthFilter - Filter 'jwtAuthFilter' configured for use
2024-06-09 19:09:52 [main] INFO  c.n.usermodule.UserModuleApplication - Started UserModuleApplication in 4.924 seconds (process running for 5.464)
2024-06-09 19:10:04 [http-nio-8085-exec-3] DEBUG c.n.u.service.impl.UserServiceImpl - Inside getting all users
2024-06-09 19:10:04 [http-nio-8085-exec-3] INFO  c.n.u.controller.UserController - Got List of users
2024-06-09 19:10:47 [main] INFO  c.n.usermodule.UserModuleApplication - Starting UserModuleApplication using Java 17.0.11 with PID 14892 (C:\Users\kamadnayyar\OneDrive - Nagarro\Desktop\java-pathway\java-pathway\user-module\target\classes started by kamadnayyar in C:\Users\kamadnayyar\OneDrive - Nagarro\Desktop\java-pathway\java-pathway\user-module)
2024-06-09 19:10:47 [main] DEBUG c.n.usermodule.UserModuleApplication - Running with Spring Boot v3.2.5, Spring v6.1.6
2024-06-09 19:10:47 [main] INFO  c.n.usermodule.UserModuleApplication - No active profile set, falling back to 1 default profile: "default"
2024-06-09 19:10:51 [main] DEBUG c.n.usermodule.config.JwtAuthFilter - Filter 'jwtAuthFilter' configured for use
2024-06-09 19:10:51 [main] INFO  c.n.usermodule.UserModuleApplication - Started UserModuleApplication in 4.936 seconds (process running for 5.461)
2024-06-09 19:16:20 [main] INFO  c.n.usermodule.UserModuleApplication - Starting UserModuleApplication using Java 17.0.11 with PID 31084 (C:\Users\kamadnayyar\OneDrive - Nagarro\Desktop\java-pathway\java-pathway\user-module\target\classes started by kamadnayyar in C:\Users\kamadnayyar\OneDrive - Nagarro\Desktop\java-pathway\java-pathway\user-module)
2024-06-09 19:16:20 [main] DEBUG c.n.usermodule.UserModuleApplication - Running with Spring Boot v3.2.5, Spring v6.1.6
2024-06-09 19:16:20 [main] INFO  c.n.usermodule.UserModuleApplication - No active profile set, falling back to 1 default profile: "default"
2024-06-09 19:17:02 [main] INFO  c.n.usermodule.UserModuleApplication - Starting UserModuleApplication using Java 17.0.11 with PID 27844 (C:\Users\kamadnayyar\OneDrive - Nagarro\Desktop\java-pathway\java-pathway\user-module\target\classes started by kamadnayyar in C:\Users\kamadnayyar\OneDrive - Nagarro\Desktop\java-pathway\java-pathway\user-module)
2024-06-09 19:17:02 [main] DEBUG c.n.usermodule.UserModuleApplication - Running with Spring Boot v3.2.5, Spring v6.1.6
2024-06-09 19:17:02 [main] INFO  c.n.usermodule.UserModuleApplication - No active profile set, falling back to 1 default profile: "default"
2024-06-09 19:17:07 [main] INFO  c.n.usermodule.UserModuleApplication - Started UserModuleApplication in 5.311 seconds (process running for 5.891)
2024-06-09 19:17:14 [http-nio-8085-exec-2] DEBUG c.n.u.service.impl.UserServiceImpl - Inside Add Users
2024-06-09 19:17:14 [http-nio-8085-exec-2] INFO  c.n.u.service.impl.UserServiceImpl - Password is encrypted inside Add users
2024-06-09 19:17:14 [http-nio-8085-exec-2] DEBUG c.n.u.service.impl.UserServiceImpl - User is saved
2024-06-09 19:17:14 [http-nio-8085-exec-2] INFO  c.n.u.controller.UserController - New User Created
2024-06-09 19:19:40 [main] INFO  c.n.usermodule.UserModuleApplication - Starting UserModuleApplication using Java 17.0.11 with PID 25436 (C:\Users\kamadnayyar\OneDrive - Nagarro\Desktop\java-pathway\java-pathway\user-module\target\classes started by kamadnayyar in C:\Users\kamadnayyar\OneDrive - Nagarro\Desktop\java-pathway\java-pathway\user-module)
2024-06-09 19:19:40 [main] DEBUG c.n.usermodule.UserModuleApplication - Running with Spring Boot v3.2.5, Spring v6.1.6
2024-06-09 19:19:40 [main] INFO  c.n.usermodule.UserModuleApplication - No active profile set, falling back to 1 default profile: "default"
2024-06-09 19:19:44 [main] INFO  c.n.usermodule.UserModuleApplication - Started UserModuleApplication in 5.383 seconds (process running for 5.903)
2024-06-09 19:19:49 [http-nio-8085-exec-1] DEBUG c.n.u.service.impl.UserServiceImpl - Inside Add Users
2024-06-09 19:19:50 [http-nio-8085-exec-1] INFO  c.n.u.service.impl.UserServiceImpl - Password is encrypted inside Add users
2024-06-09 19:19:50 [http-nio-8085-exec-1] DEBUG c.n.u.service.impl.UserServiceImpl - User is saved
2024-06-09 19:19:50 [http-nio-8085-exec-1] INFO  c.n.u.controller.UserController - New User Created
2024-06-09 19:20:06 [http-nio-8085-exec-3] DEBUG c.n.u.service.impl.UserServiceImpl - Inside Add Admin
2024-06-09 19:20:06 [http-nio-8085-exec-3] ERROR c.n.u.service.impl.UserServiceImpl - Admin already exists
2024-06-09 19:20:47 [http-nio-8085-exec-4] DEBUG c.n.u.service.impl.UserServiceImpl - Inside Add Admin
2024-06-09 19:20:47 [http-nio-8085-exec-4] INFO  c.n.u.service.impl.UserServiceImpl - Password is encrypted inside Add Admin
2024-06-09 19:20:47 [http-nio-8085-exec-4] DEBUG c.n.u.service.impl.UserServiceImpl - Admin is saved
2024-06-09 19:20:47 [http-nio-8085-exec-4] INFO  c.n.u.controller.UserController - New Admin Created
2024-06-09 19:21:48 [http-nio-8085-exec-6] DEBUG c.n.u.service.impl.UserServiceImpl - Inside Add Admin
2024-06-09 19:21:48 [http-nio-8085-exec-6] INFO  c.n.u.service.impl.UserServiceImpl - Password is encrypted inside Add Admin
2024-06-09 19:21:48 [http-nio-8085-exec-6] DEBUG c.n.u.service.impl.UserServiceImpl - Admin is saved
2024-06-09 19:21:48 [http-nio-8085-exec-6] INFO  c.n.u.controller.UserController - New Admin Created
2024-06-09 19:22:29 [http-nio-8085-exec-8] DEBUG c.n.u.service.impl.UserServiceImpl - Inside Add Users
2024-06-09 19:22:29 [http-nio-8085-exec-8] INFO  c.n.u.service.impl.UserServiceImpl - Password is encrypted inside Add users
2024-06-09 19:22:29 [http-nio-8085-exec-8] DEBUG c.n.u.service.impl.UserServiceImpl - User is saved
2024-06-09 19:22:29 [http-nio-8085-exec-8] INFO  c.n.u.controller.UserController - New User Created
2024-06-09 19:52:31 [main] INFO  c.n.usermodule.UserModuleApplication - Starting UserModuleApplication using Java 17.0.11 with PID 31936 (C:\Users\kamadnayyar\OneDrive - Nagarro\Desktop\java-pathway\java-pathway\user-module\target\classes started by kamadnayyar in C:\Users\kamadnayyar\OneDrive - Nagarro\Desktop\java-pathway\java-pathway\user-module)
2024-06-09 19:52:31 [main] DEBUG c.n.usermodule.UserModuleApplication - Running with Spring Boot v3.2.5, Spring v6.1.6
2024-06-09 19:52:31 [main] INFO  c.n.usermodule.UserModuleApplication - No active profile set, falling back to 1 default profile: "default"
2024-06-09 19:52:37 [main] DEBUG c.n.usermodule.config.JwtAuthFilter - Filter 'jwtAuthFilter' configured for use
2024-06-09 19:52:41 [main] INFO  c.n.usermodule.UserModuleApplication - Started UserModuleApplication in 11.184 seconds (process running for 11.852)
2024-06-09 19:53:17 [http-nio-8085-exec-1] DEBUG c.n.u.service.impl.AuthServiceImpl - Inside authenticate User
2024-06-09 19:53:17 [http-nio-8085-exec-1] DEBUG c.n.u.service.impl.UserServiceImpl - Inside getting user by email
2024-06-09 19:53:18 [http-nio-8085-exec-1] INFO  c.n.u.service.impl.AuthServiceImpl - Generating JWT Token
2024-06-09 19:53:18 [http-nio-8085-exec-1] DEBUG c.n.u.service.impl.AuthServiceImpl - Inside generateJWTToken function
2024-06-09 19:53:18 [http-nio-8085-exec-1] DEBUG c.n.u.service.impl.UserServiceImpl - Inside getting user by email
2024-06-09 19:53:18 [http-nio-8085-exec-1] DEBUG c.n.u.service.impl.UserServiceImpl - Inside getting user by email
2024-06-09 19:53:18 [http-nio-8085-exec-1] INFO  c.n.u.controller.AuthController - Login is successful
2024-06-09 19:53:42 [http-nio-8085-exec-3] DEBUG c.n.u.service.impl.UserServiceImpl - Inside getting all users
2024-06-09 19:53:42 [http-nio-8085-exec-3] INFO  c.n.u.controller.UserController - Got List of users
2024-06-09 19:58:10 [main] INFO  c.n.usermodule.UserModuleApplication - Starting UserModuleApplication using Java 17.0.11 with PID 16928 (C:\Users\kamadnayyar\OneDrive - Nagarro\Desktop\java-pathway\java-pathway\user-module\target\classes started by kamadnayyar in C:\Users\kamadnayyar\OneDrive - Nagarro\Desktop\java-pathway\java-pathway\user-module)
2024-06-09 19:58:10 [main] DEBUG c.n.usermodule.UserModuleApplication - Running with Spring Boot v3.2.5, Spring v6.1.6
2024-06-09 19:58:10 [main] INFO  c.n.usermodule.UserModuleApplication - No active profile set, falling back to 1 default profile: "default"
2024-06-09 19:58:15 [main] DEBUG c.n.usermodule.config.JwtAuthFilter - Filter 'jwtAuthFilter' configured for use
2024-06-09 19:58:16 [main] INFO  c.n.usermodule.UserModuleApplication - Started UserModuleApplication in 5.746 seconds (process running for 6.413)
2024-06-09 19:58:43 [http-nio-8085-exec-4] DEBUG c.n.u.service.impl.AuthServiceImpl - Inside authenticate User
2024-06-09 19:58:43 [http-nio-8085-exec-4] DEBUG c.n.u.service.impl.UserServiceImpl - Inside getting user by email
2024-06-09 19:58:43 [http-nio-8085-exec-4] INFO  c.n.u.service.impl.AuthServiceImpl - Generating JWT Token
2024-06-09 19:58:43 [http-nio-8085-exec-4] DEBUG c.n.u.service.impl.AuthServiceImpl - Inside generateJWTToken function
2024-06-09 19:58:43 [http-nio-8085-exec-4] DEBUG c.n.u.service.impl.UserServiceImpl - Inside getting user by email
2024-06-09 19:58:43 [http-nio-8085-exec-4] DEBUG c.n.u.service.impl.UserServiceImpl - Inside getting user by email
2024-06-09 19:58:43 [http-nio-8085-exec-4] INFO  c.n.u.controller.AuthController - Login is successful
2024-06-09 19:59:37 [http-nio-8085-exec-2] DEBUG c.n.u.service.impl.UserServiceImpl - Inside getting all users
2024-06-09 20:02:06 [main] INFO  c.n.usermodule.UserModuleApplication - Starting UserModuleApplication using Java 17.0.11 with PID 2540 (C:\Users\kamadnayyar\OneDrive - Nagarro\Desktop\java-pathway\java-pathway\user-module\target\classes started by kamadnayyar in C:\Users\kamadnayyar\OneDrive - Nagarro\Desktop\java-pathway\java-pathway\user-module)
2024-06-09 20:02:06 [main] DEBUG c.n.usermodule.UserModuleApplication - Running with Spring Boot v3.2.5, Spring v6.1.6
2024-06-09 20:02:06 [main] INFO  c.n.usermodule.UserModuleApplication - No active profile set, falling back to 1 default profile: "default"
2024-06-09 20:02:11 [main] INFO  c.n.usermodule.UserModuleApplication - Started UserModuleApplication in 5.578 seconds (process running for 6.25)
2024-06-09 20:02:26 [main] INFO  c.n.usermodule.UserModuleApplication - Starting UserModuleApplication using Java 17.0.11 with PID 29040 (C:\Users\kamadnayyar\OneDrive - Nagarro\Desktop\java-pathway\java-pathway\user-module\target\classes started by kamadnayyar in C:\Users\kamadnayyar\OneDrive - Nagarro\Desktop\java-pathway\java-pathway\user-module)
2024-06-09 20:02:26 [main] DEBUG c.n.usermodule.UserModuleApplication - Running with Spring Boot v3.2.5, Spring v6.1.6
2024-06-09 20:02:26 [main] INFO  c.n.usermodule.UserModuleApplication - No active profile set, falling back to 1 default profile: "default"
2024-06-09 20:02:31 [main] INFO  c.n.usermodule.UserModuleApplication - Started UserModuleApplication in 5.448 seconds (process running for 6.03)
2024-06-09 20:03:37 [main] INFO  c.n.usermodule.UserModuleApplication - Starting UserModuleApplication using Java 17.0.11 with PID 29260 (C:\Users\kamadnayyar\OneDrive - Nagarro\Desktop\java-pathway\java-pathway\user-module\target\classes started by kamadnayyar in C:\Users\kamadnayyar\OneDrive - Nagarro\Desktop\java-pathway\java-pathway\user-module)
2024-06-09 20:03:37 [main] DEBUG c.n.usermodule.UserModuleApplication - Running with Spring Boot v3.2.5, Spring v6.1.6
2024-06-09 20:03:37 [main] INFO  c.n.usermodule.UserModuleApplication - No active profile set, falling back to 1 default profile: "default"
2024-06-09 20:03:42 [main] INFO  c.n.usermodule.UserModuleApplication - Started UserModuleApplication in 5.402 seconds (process running for 5.933)
2024-06-09 20:03:48 [http-nio-8085-exec-2] DEBUG c.n.u.service.impl.UserServiceImpl - Inside Add Admin
2024-06-09 20:03:48 [http-nio-8085-exec-2] INFO  c.n.u.service.impl.UserServiceImpl - Password is encrypted inside Add Admin
2024-06-09 20:03:48 [http-nio-8085-exec-2] DEBUG c.n.u.service.impl.UserServiceImpl - Admin is saved
2024-06-09 20:03:48 [http-nio-8085-exec-2] INFO  c.n.u.controller.UserController - New Admin Created
2024-06-09 20:04:22 [http-nio-8085-exec-8] DEBUG c.n.u.service.impl.UserServiceImpl - Inside Add Admin
2024-06-09 20:04:22 [http-nio-8085-exec-8] INFO  c.n.u.service.impl.UserServiceImpl - Password is encrypted inside Add Admin
2024-06-09 20:04:22 [http-nio-8085-exec-8] DEBUG c.n.u.service.impl.UserServiceImpl - Admin is saved
2024-06-09 20:04:22 [http-nio-8085-exec-8] INFO  c.n.u.controller.UserController - New Admin Created
2024-06-09 20:04:39 [http-nio-8085-exec-4] DEBUG c.n.u.service.impl.UserServiceImpl - Inside getting all users
2024-06-09 20:04:39 [http-nio-8085-exec-4] INFO  c.n.u.controller.UserController - Got List of users
2024-06-09 20:04:53 [http-nio-8085-exec-5] DEBUG c.n.u.service.impl.UserServiceImpl - Inside Add Users
2024-06-09 20:04:53 [http-nio-8085-exec-5] INFO  c.n.u.service.impl.UserServiceImpl - Password is encrypted inside Add users
2024-06-09 20:04:53 [http-nio-8085-exec-5] DEBUG c.n.u.service.impl.UserServiceImpl - User is saved
2024-06-09 20:04:53 [http-nio-8085-exec-5] INFO  c.n.u.controller.UserController - New User Created
2024-06-10 10:52:30 [main] INFO  c.n.usermodule.UserModuleApplication - Starting UserModuleApplication using Java 17.0.11 with PID 13408 (C:\Users\kamadnayyar\OneDrive - Nagarro\Desktop\java-pathway\java-pathway\user-module\target\classes started by kamadnayyar in C:\Users\kamadnayyar\OneDrive - Nagarro\Desktop\java-pathway\java-pathway\user-module)
2024-06-10 10:52:30 [main] DEBUG c.n.usermodule.UserModuleApplication - Running with Spring Boot v3.2.5, Spring v6.1.6
2024-06-10 10:52:30 [main] INFO  c.n.usermodule.UserModuleApplication - No active profile set, falling back to 1 default profile: "default"
2024-06-10 10:52:35 [main] DEBUG c.n.usermodule.config.JwtAuthFilter - Filter 'jwtAuthFilter' configured for use
2024-06-10 10:52:36 [main] INFO  c.n.usermodule.UserModuleApplication - Started UserModuleApplication in 5.8 seconds (process running for 7.275)
2024-06-10 10:58:31 [http-nio-8085-exec-1] DEBUG c.n.u.service.impl.AuthServiceImpl - Inside authenticate User
2024-06-10 10:58:31 [http-nio-8085-exec-1] DEBUG c.n.u.service.impl.UserServiceImpl - Inside getting user by email
2024-06-10 10:58:31 [http-nio-8085-exec-1] INFO  c.n.u.service.impl.AuthServiceImpl - Generating JWT Token
2024-06-10 10:58:31 [http-nio-8085-exec-1] DEBUG c.n.u.service.impl.AuthServiceImpl - Inside generateJWTToken function
2024-06-10 10:58:31 [http-nio-8085-exec-1] DEBUG c.n.u.service.impl.UserServiceImpl - Inside getting user by email
2024-06-10 10:58:31 [http-nio-8085-exec-1] DEBUG c.n.u.service.impl.UserServiceImpl - Inside getting user by email
2024-06-10 10:58:31 [http-nio-8085-exec-1] INFO  c.n.u.controller.AuthController - Login is successful
2024-06-10 11:00:19 [http-nio-8085-exec-5] DEBUG c.n.u.service.impl.UserServiceImpl - Inside Add Admin
2024-06-10 11:00:19 [http-nio-8085-exec-5] INFO  c.n.u.service.impl.UserServiceImpl - Password is encrypted inside Add Admin
2024-06-10 11:00:19 [http-nio-8085-exec-5] DEBUG c.n.u.service.impl.UserServiceImpl - Admin is saved
2024-06-10 11:00:20 [http-nio-8085-exec-5] INFO  c.n.u.controller.UserController - New Admin Created
2024-06-10 11:04:23 [main] INFO  c.n.usermodule.UserModuleApplication - Starting UserModuleApplication using Java 17.0.11 with PID 21104 (C:\Users\kamadnayyar\OneDrive - Nagarro\Desktop\java-pathway\java-pathway\user-module\target\classes started by kamadnayyar in C:\Users\kamadnayyar\OneDrive - Nagarro\Desktop\java-pathway\java-pathway\user-module)
2024-06-10 11:04:23 [main] DEBUG c.n.usermodule.UserModuleApplication - Running with Spring Boot v3.2.5, Spring v6.1.6
2024-06-10 11:04:23 [main] INFO  c.n.usermodule.UserModuleApplication - No active profile set, falling back to 1 default profile: "default"
2024-06-10 11:04:28 [main] DEBUG c.n.usermodule.config.JwtAuthFilter - Filter 'jwtAuthFilter' configured for use
2024-06-10 11:04:28 [main] INFO  c.n.usermodule.UserModuleApplication - Started UserModuleApplication in 5.233 seconds (process running for 7.075)
2024-06-10 11:04:39 [http-nio-8085-exec-2] DEBUG c.n.u.service.impl.AuthServiceImpl - Inside authenticate User
2024-06-10 11:04:39 [http-nio-8085-exec-2] DEBUG c.n.u.service.impl.UserServiceImpl - Inside getting user by email
2024-06-10 11:04:39 [http-nio-8085-exec-2] INFO  c.n.u.service.impl.AuthServiceImpl - Generating JWT Token
2024-06-10 11:04:39 [http-nio-8085-exec-2] DEBUG c.n.u.service.impl.AuthServiceImpl - Inside generateJWTToken function
2024-06-10 11:04:39 [http-nio-8085-exec-2] DEBUG c.n.u.service.impl.UserServiceImpl - Inside getting user by email
2024-06-10 11:04:40 [http-nio-8085-exec-2] DEBUG c.n.u.service.impl.UserServiceImpl - Inside getting user by email
2024-06-10 11:04:40 [http-nio-8085-exec-2] INFO  c.n.u.controller.AuthController - Login is successful
2024-06-10 11:05:25 [http-nio-8085-exec-3] DEBUG c.n.u.service.impl.UserServiceImpl - Inside Add Admin
2024-06-10 11:05:25 [http-nio-8085-exec-3] INFO  c.n.u.service.impl.UserServiceImpl - Password is encrypted inside Add Admin
2024-06-10 11:05:25 [http-nio-8085-exec-3] DEBUG c.n.u.service.impl.UserServiceImpl - Admin is saved
2024-06-10 11:05:25 [http-nio-8085-exec-3] INFO  c.n.u.controller.UserController - New Admin Created
2024-06-10 11:07:06 [main] INFO  c.n.usermodule.UserModuleApplication - Starting UserModuleApplication using Java 17.0.11 with PID 28636 (C:\Users\kamadnayyar\OneDrive - Nagarro\Desktop\java-pathway\java-pathway\user-module\target\classes started by kamadnayyar in C:\Users\kamadnayyar\OneDrive - Nagarro\Desktop\java-pathway\java-pathway\user-module)
2024-06-10 11:07:06 [main] DEBUG c.n.usermodule.UserModuleApplication - Running with Spring Boot v3.2.5, Spring v6.1.6
2024-06-10 11:07:06 [main] INFO  c.n.usermodule.UserModuleApplication - No active profile set, falling back to 1 default profile: "default"
2024-06-10 11:07:10 [main] DEBUG c.n.usermodule.config.JwtAuthFilter - Filter 'jwtAuthFilter' configured for use
2024-06-10 11:07:11 [main] INFO  c.n.usermodule.UserModuleApplication - Started UserModuleApplication in 5.383 seconds (process running for 5.953)
2024-06-10 11:07:20 [http-nio-8085-exec-1] DEBUG c.n.u.service.impl.AuthServiceImpl - Inside authenticate User
2024-06-10 11:07:20 [http-nio-8085-exec-1] DEBUG c.n.u.service.impl.UserServiceImpl - Inside getting user by email
2024-06-10 11:07:21 [http-nio-8085-exec-1] INFO  c.n.u.service.impl.AuthServiceImpl - Generating JWT Token
2024-06-10 11:07:21 [http-nio-8085-exec-1] DEBUG c.n.u.service.impl.AuthServiceImpl - Inside generateJWTToken function
2024-06-10 11:07:21 [http-nio-8085-exec-1] DEBUG c.n.u.service.impl.UserServiceImpl - Inside getting user by email
2024-06-10 11:07:21 [http-nio-8085-exec-1] DEBUG c.n.u.service.impl.UserServiceImpl - Inside getting user by email
2024-06-10 11:07:21 [http-nio-8085-exec-1] INFO  c.n.u.controller.AuthController - Login is successful
2024-06-10 11:07:33 [http-nio-8085-exec-4] DEBUG c.n.u.service.impl.UserServiceImpl - Inside Add Admin
2024-06-10 11:07:33 [http-nio-8085-exec-4] INFO  c.n.u.service.impl.UserServiceImpl - Password is encrypted inside Add Admin
2024-06-10 11:07:33 [http-nio-8085-exec-4] DEBUG c.n.u.service.impl.UserServiceImpl - Admin is saved
2024-06-10 11:07:33 [http-nio-8085-exec-4] INFO  c.n.u.controller.UserController - New Admin Created
2024-06-10 11:08:50 [main] INFO  c.n.usermodule.UserModuleApplication - Starting UserModuleApplication using Java 17.0.11 with PID 3500 (C:\Users\kamadnayyar\OneDrive - Nagarro\Desktop\java-pathway\java-pathway\user-module\target\classes started by kamadnayyar in C:\Users\kamadnayyar\OneDrive - Nagarro\Desktop\java-pathway\java-pathway\user-module)
2024-06-10 11:08:50 [main] DEBUG c.n.usermodule.UserModuleApplication - Running with Spring Boot v3.2.5, Spring v6.1.6
2024-06-10 11:08:50 [main] INFO  c.n.usermodule.UserModuleApplication - No active profile set, falling back to 1 default profile: "default"
2024-06-10 11:08:54 [main] DEBUG c.n.usermodule.config.JwtAuthFilter - Filter 'jwtAuthFilter' configured for use
2024-06-10 11:08:55 [main] INFO  c.n.usermodule.UserModuleApplication - Started UserModuleApplication in 5.306 seconds (process running for 5.768)
2024-06-10 11:09:04 [http-nio-8085-exec-1] DEBUG c.n.u.service.impl.AuthServiceImpl - Inside authenticate User
2024-06-10 11:09:04 [http-nio-8085-exec-1] DEBUG c.n.u.service.impl.UserServiceImpl - Inside getting user by email
2024-06-10 11:09:05 [http-nio-8085-exec-1] INFO  c.n.u.service.impl.AuthServiceImpl - Generating JWT Token
2024-06-10 11:09:05 [http-nio-8085-exec-1] DEBUG c.n.u.service.impl.AuthServiceImpl - Inside generateJWTToken function
2024-06-10 11:09:05 [http-nio-8085-exec-1] DEBUG c.n.u.service.impl.UserServiceImpl - Inside getting user by email
2024-06-10 11:09:05 [http-nio-8085-exec-1] DEBUG c.n.u.service.impl.UserServiceImpl - Inside getting user by email
2024-06-10 11:09:05 [http-nio-8085-exec-1] INFO  c.n.u.controller.AuthController - Login is successful
2024-06-10 11:09:40 [http-nio-8085-exec-3] DEBUG c.n.u.service.impl.AuthServiceImpl - Inside authenticate User
2024-06-10 11:09:40 [http-nio-8085-exec-3] DEBUG c.n.u.service.impl.UserServiceImpl - Inside getting user by email
2024-06-10 11:09:40 [http-nio-8085-exec-3] INFO  c.n.u.service.impl.AuthServiceImpl - Generating JWT Token
2024-06-10 11:09:40 [http-nio-8085-exec-3] DEBUG c.n.u.service.impl.AuthServiceImpl - Inside generateJWTToken function
2024-06-10 11:09:40 [http-nio-8085-exec-3] DEBUG c.n.u.service.impl.UserServiceImpl - Inside getting user by email
2024-06-10 11:09:40 [http-nio-8085-exec-3] DEBUG c.n.u.service.impl.UserServiceImpl - Inside getting user by email
2024-06-10 11:09:40 [http-nio-8085-exec-3] INFO  c.n.u.controller.AuthController - Login is successful
2024-06-10 11:14:18 [main] INFO  c.n.usermodule.UserModuleApplication - Starting UserModuleApplication using Java 17.0.11 with PID 28168 (C:\Users\kamadnayyar\OneDrive - Nagarro\Desktop\java-pathway\java-pathway\user-module\target\classes started by kamadnayyar in C:\Users\kamadnayyar\OneDrive - Nagarro\Desktop\java-pathway\java-pathway\user-module)
2024-06-10 11:14:18 [main] DEBUG c.n.usermodule.UserModuleApplication - Running with Spring Boot v3.2.5, Spring v6.1.6
2024-06-10 11:14:18 [main] INFO  c.n.usermodule.UserModuleApplication - No active profile set, falling back to 1 default profile: "default"
2024-06-10 11:14:22 [main] DEBUG c.n.usermodule.config.JwtAuthFilter - Filter 'jwtAuthFilter' configured for use
2024-06-10 11:14:23 [main] INFO  c.n.usermodule.UserModuleApplication - Started UserModuleApplication in 5.294 seconds (process running for 5.766)
2024-06-10 11:14:32 [http-nio-8085-exec-1] DEBUG c.n.u.service.impl.AuthServiceImpl - Inside authenticate User
2024-06-10 11:14:32 [http-nio-8085-exec-1] DEBUG c.n.u.service.impl.UserServiceImpl - Inside getting user by email
2024-06-10 11:14:32 [http-nio-8085-exec-1] INFO  c.n.u.service.impl.AuthServiceImpl - Generating JWT Token
2024-06-10 11:14:32 [http-nio-8085-exec-1] DEBUG c.n.u.service.impl.AuthServiceImpl - Inside generateJWTToken function
2024-06-10 11:14:32 [http-nio-8085-exec-1] DEBUG c.n.u.service.impl.UserServiceImpl - Inside getting user by email
2024-06-10 11:14:32 [http-nio-8085-exec-1] DEBUG c.n.u.service.impl.UserServiceImpl - Inside getting user by email
2024-06-10 11:14:32 [http-nio-8085-exec-1] INFO  c.n.u.controller.AuthController - Login is successful
2024-06-10 11:15:48 [main] INFO  c.n.usermodule.UserModuleApplication - Starting UserModuleApplication using Java 17.0.11 with PID 6952 (C:\Users\kamadnayyar\OneDrive - Nagarro\Desktop\java-pathway\java-pathway\user-module\target\classes started by kamadnayyar in C:\Users\kamadnayyar\OneDrive - Nagarro\Desktop\java-pathway\java-pathway\user-module)
2024-06-10 11:15:48 [main] DEBUG c.n.usermodule.UserModuleApplication - Running with Spring Boot v3.2.5, Spring v6.1.6
2024-06-10 11:15:48 [main] INFO  c.n.usermodule.UserModuleApplication - No active profile set, falling back to 1 default profile: "default"
2024-06-10 11:15:52 [main] DEBUG c.n.usermodule.config.JwtAuthFilter - Filter 'jwtAuthFilter' configured for use
2024-06-10 11:17:23 [main] INFO  c.n.usermodule.UserModuleApplication - Starting UserModuleApplication using Java 17.0.11 with PID 2812 (C:\Users\kamadnayyar\OneDrive - Nagarro\Desktop\java-pathway\java-pathway\user-module\target\classes started by kamadnayyar in C:\Users\kamadnayyar\OneDrive - Nagarro\Desktop\java-pathway\java-pathway\user-module)
2024-06-10 11:17:23 [main] DEBUG c.n.usermodule.UserModuleApplication - Running with Spring Boot v3.2.5, Spring v6.1.6
2024-06-10 11:17:23 [main] INFO  c.n.usermodule.UserModuleApplication - No active profile set, falling back to 1 default profile: "default"
2024-06-10 11:17:27 [main] DEBUG c.n.usermodule.config.JwtAuthFilter - Filter 'jwtAuthFilter' configured for use
2024-06-10 11:17:28 [main] INFO  c.n.usermodule.UserModuleApplication - Started UserModuleApplication in 5.481 seconds (process running for 7.37)
2024-06-10 11:17:40 [http-nio-8085-exec-2] DEBUG c.n.u.service.impl.AuthServiceImpl - Inside authenticate User
2024-06-10 11:17:40 [http-nio-8085-exec-2] DEBUG c.n.u.service.impl.UserServiceImpl - Inside getting user by email
2024-06-10 11:17:40 [http-nio-8085-exec-2] INFO  c.n.u.service.impl.AuthServiceImpl - Generating JWT Token
2024-06-10 11:17:40 [http-nio-8085-exec-2] DEBUG c.n.u.service.impl.AuthServiceImpl - Inside generateJWTToken function
2024-06-10 11:17:40 [http-nio-8085-exec-2] DEBUG c.n.u.service.impl.UserServiceImpl - Inside getting user by email
2024-06-10 11:17:40 [http-nio-8085-exec-2] DEBUG c.n.u.service.impl.UserServiceImpl - Inside getting user by email
2024-06-10 11:17:40 [http-nio-8085-exec-2] INFO  c.n.u.controller.AuthController - Login is successful
2024-06-10 11:24:53 [main] INFO  c.n.usermodule.UserModuleApplication - Starting UserModuleApplication using Java 17.0.11 with PID 12432 (C:\Users\kamadnayyar\OneDrive - Nagarro\Desktop\java-pathway\java-pathway\user-module\target\classes started by kamadnayyar in C:\Users\kamadnayyar\OneDrive - Nagarro\Desktop\java-pathway\java-pathway\user-module)
2024-06-10 11:24:53 [main] DEBUG c.n.usermodule.UserModuleApplication - Running with Spring Boot v3.2.5, Spring v6.1.6
2024-06-10 11:24:53 [main] INFO  c.n.usermodule.UserModuleApplication - No active profile set, falling back to 1 default profile: "default"
2024-06-10 11:24:58 [main] DEBUG c.n.usermodule.config.JwtAuthFilter - Filter 'jwtAuthFilter' configured for use
2024-06-10 11:24:59 [main] INFO  c.n.usermodule.UserModuleApplication - Started UserModuleApplication in 5.503 seconds (process running for 5.993)
2024-06-10 11:25:04 [http-nio-8085-exec-1] DEBUG c.n.u.service.impl.AuthServiceImpl - Inside authenticate User
2024-06-10 11:25:04 [http-nio-8085-exec-1] DEBUG c.n.u.service.impl.UserServiceImpl - Inside getting user by email
2024-06-10 11:25:04 [http-nio-8085-exec-1] INFO  c.n.u.service.impl.AuthServiceImpl - Generating JWT Token
2024-06-10 11:25:04 [http-nio-8085-exec-1] DEBUG c.n.u.service.impl.AuthServiceImpl - Inside generateJWTToken function
2024-06-10 11:25:04 [http-nio-8085-exec-1] DEBUG c.n.u.service.impl.UserServiceImpl - Inside getting user by email
2024-06-10 11:25:04 [http-nio-8085-exec-1] DEBUG c.n.u.service.impl.UserServiceImpl - Inside getting user by email
2024-06-10 11:25:04 [http-nio-8085-exec-1] INFO  c.n.u.controller.AuthController - Login is successful
2024-06-10 12:37:30 [main] INFO  c.n.usermodule.UserModuleApplication - Starting UserModuleApplication using Java 17.0.11 with PID 31596 (C:\Users\kamadnayyar\OneDrive - Nagarro\Desktop\java-pathway\java-pathway\user-module\target\classes started by kamadnayyar in C:\Users\kamadnayyar\OneDrive - Nagarro\Desktop\java-pathway\java-pathway\user-module)
2024-06-10 12:37:30 [main] DEBUG c.n.usermodule.UserModuleApplication - Running with Spring Boot v3.2.5, Spring v6.1.6
2024-06-10 12:37:30 [main] INFO  c.n.usermodule.UserModuleApplication - No active profile set, falling back to 1 default profile: "default"
2024-06-10 12:37:34 [main] DEBUG c.n.usermodule.config.JwtAuthFilter - Filter 'jwtAuthFilter' configured for use
2024-06-10 12:37:35 [main] INFO  c.n.usermodule.UserModuleApplication - Started UserModuleApplication in 5.714 seconds (process running for 7.428)
2024-06-10 12:37:45 [http-nio-8085-exec-1] DEBUG c.n.u.service.impl.AuthServiceImpl - Inside authenticate User
2024-06-10 12:37:45 [http-nio-8085-exec-1] DEBUG c.n.u.service.impl.UserServiceImpl - Inside getting user by email
2024-06-10 12:37:45 [http-nio-8085-exec-1] INFO  c.n.u.service.impl.AuthServiceImpl - Generating JWT Token
2024-06-10 12:37:45 [http-nio-8085-exec-1] DEBUG c.n.u.service.impl.AuthServiceImpl - Inside generateJWTToken function
2024-06-10 12:37:45 [http-nio-8085-exec-1] DEBUG c.n.u.service.impl.UserServiceImpl - Inside getting user by email
2024-06-10 12:37:45 [http-nio-8085-exec-1] DEBUG c.n.u.service.impl.UserServiceImpl - Inside getting user by email
2024-06-10 12:37:45 [http-nio-8085-exec-1] INFO  c.n.u.controller.AuthController - Login is successful
2024-06-10 12:54:11 [main] INFO  c.n.usermodule.UserModuleApplication - Starting UserModuleApplication using Java 17.0.11 with PID 31780 (C:\Users\kamadnayyar\OneDrive - Nagarro\Desktop\java-pathway\java-pathway\user-module\target\classes started by kamadnayyar in C:\Users\kamadnayyar\OneDrive - Nagarro\Desktop\java-pathway\java-pathway\user-module)
2024-06-10 12:54:11 [main] DEBUG c.n.usermodule.UserModuleApplication - Running with Spring Boot v3.2.5, Spring v6.1.6
2024-06-10 12:54:11 [main] INFO  c.n.usermodule.UserModuleApplication - No active profile set, falling back to 1 default profile: "default"
2024-06-10 12:54:15 [main] DEBUG c.n.usermodule.config.JwtAuthFilter - Filter 'jwtAuthFilter' configured for use
2024-06-10 12:54:16 [main] INFO  c.n.usermodule.UserModuleApplication - Started UserModuleApplication in 5.443 seconds (process running for 6.738)
2024-06-10 12:54:28 [http-nio-8085-exec-2] DEBUG c.n.u.service.impl.AuthServiceImpl - Inside authenticate User
2024-06-10 12:54:28 [http-nio-8085-exec-2] DEBUG c.n.u.service.impl.UserServiceImpl - Inside getting user by email
2024-06-10 12:54:29 [http-nio-8085-exec-2] INFO  c.n.u.service.impl.AuthServiceImpl - Generating JWT Token
2024-06-10 12:54:29 [http-nio-8085-exec-2] DEBUG c.n.u.service.impl.AuthServiceImpl - Inside generateJWTToken function
2024-06-10 12:54:29 [http-nio-8085-exec-2] DEBUG c.n.u.service.impl.UserServiceImpl - Inside getting user by email
2024-06-10 12:54:29 [http-nio-8085-exec-2] DEBUG c.n.u.service.impl.UserServiceImpl - Inside getting user by email
2024-06-10 12:54:29 [http-nio-8085-exec-2] INFO  c.n.u.controller.AuthController - Login is successful
2024-06-10 13:04:48 [http-nio-8085-exec-7] DEBUG c.n.u.service.impl.UserServiceImpl - Inside getting all users
2024-06-10 13:04:48 [http-nio-8085-exec-7] INFO  c.n.u.controller.UserController - Got List of users
2024-06-10 13:12:13 [main] INFO  c.n.usermodule.UserModuleApplication - Starting UserModuleApplication using Java 17.0.11 with PID 30016 (C:\Users\kamadnayyar\OneDrive - Nagarro\Desktop\java-pathway\java-pathway\user-module\target\classes started by kamadnayyar in C:\Users\kamadnayyar\OneDrive - Nagarro\Desktop\java-pathway\java-pathway\user-module)
2024-06-10 13:12:13 [main] DEBUG c.n.usermodule.UserModuleApplication - Running with Spring Boot v3.2.5, Spring v6.1.6
2024-06-10 13:12:13 [main] INFO  c.n.usermodule.UserModuleApplication - No active profile set, falling back to 1 default profile: "default"
2024-06-10 13:12:17 [main] DEBUG c.n.usermodule.config.JwtAuthFilter - Filter 'jwtAuthFilter' configured for use
2024-06-10 13:12:18 [main] INFO  c.n.usermodule.UserModuleApplication - Started UserModuleApplication in 5.51 seconds (process running for 7.068)
2024-06-10 13:12:25 [http-nio-8085-exec-2] DEBUG c.n.u.service.impl.AuthServiceImpl - Inside authenticate User
2024-06-10 13:12:25 [http-nio-8085-exec-2] DEBUG c.n.u.service.impl.UserServiceImpl - Inside getting user by email
2024-06-10 13:12:26 [http-nio-8085-exec-2] INFO  c.n.u.service.impl.AuthServiceImpl - Generating JWT Token
2024-06-10 13:12:26 [http-nio-8085-exec-2] DEBUG c.n.u.service.impl.AuthServiceImpl - Inside generateJWTToken function
2024-06-10 13:12:26 [http-nio-8085-exec-2] DEBUG c.n.u.service.impl.UserServiceImpl - Inside getting user by email
2024-06-10 13:12:26 [http-nio-8085-exec-2] DEBUG c.n.u.service.impl.UserServiceImpl - Inside getting user by email
2024-06-10 13:12:26 [http-nio-8085-exec-2] INFO  c.n.u.controller.AuthController - Login is successful
2024-06-10 13:19:12 [main] INFO  c.n.usermodule.UserModuleApplication - Starting UserModuleApplication using Java 17.0.11 with PID 32092 (C:\Users\kamadnayyar\OneDrive - Nagarro\Desktop\java-pathway\java-pathway\user-module\target\classes started by kamadnayyar in C:\Users\kamadnayyar\OneDrive - Nagarro\Desktop\java-pathway\java-pathway\user-module)
2024-06-10 13:19:12 [main] DEBUG c.n.usermodule.UserModuleApplication - Running with Spring Boot v3.2.5, Spring v6.1.6
2024-06-10 13:19:12 [main] INFO  c.n.usermodule.UserModuleApplication - No active profile set, falling back to 1 default profile: "default"
2024-06-10 13:19:16 [main] DEBUG c.n.usermodule.config.JwtAuthFilter - Filter 'jwtAuthFilter' configured for use
2024-06-10 13:19:16 [main] INFO  c.n.usermodule.UserModuleApplication - Started UserModuleApplication in 5.097 seconds (process running for 10.016)
2024-06-10 13:19:23 [http-nio-8085-exec-3] DEBUG c.n.u.service.impl.AuthServiceImpl - Inside authenticate User
2024-06-10 13:19:23 [http-nio-8085-exec-3] DEBUG c.n.u.service.impl.UserServiceImpl - Inside getting user by email
2024-06-10 13:19:23 [http-nio-8085-exec-3] INFO  c.n.u.service.impl.AuthServiceImpl - Generating JWT Token
2024-06-10 13:19:23 [http-nio-8085-exec-3] DEBUG c.n.u.service.impl.AuthServiceImpl - Inside generateJWTToken function
2024-06-10 13:19:23 [http-nio-8085-exec-3] DEBUG c.n.u.service.impl.UserServiceImpl - Inside getting user by email
2024-06-10 13:19:23 [http-nio-8085-exec-3] DEBUG c.n.u.service.impl.UserServiceImpl - Inside getting user by email
2024-06-10 13:19:23 [http-nio-8085-exec-3] INFO  c.n.u.controller.AuthController - Login is successful
2024-06-10 13:19:40 [http-nio-8085-exec-4] DEBUG c.n.u.service.impl.UserServiceImpl - Inside getting all users
2024-06-10 13:19:40 [http-nio-8085-exec-4] INFO  c.n.u.controller.UserController - Got List of users
2024-06-10 13:25:54 [main] INFO  c.n.usermodule.UserModuleApplication - Starting UserModuleApplication using Java 17.0.11 with PID 6184 (C:\Users\kamadnayyar\OneDrive - Nagarro\Desktop\java-pathway\java-pathway\user-module\target\classes started by kamadnayyar in C:\Users\kamadnayyar\OneDrive - Nagarro\Desktop\java-pathway\java-pathway\user-module)
2024-06-10 13:25:54 [main] DEBUG c.n.usermodule.UserModuleApplication - Running with Spring Boot v3.2.5, Spring v6.1.6
2024-06-10 13:25:54 [main] INFO  c.n.usermodule.UserModuleApplication - No active profile set, falling back to 1 default profile: "default"
2024-06-10 13:25:58 [main] DEBUG c.n.usermodule.config.JwtAuthFilter - Filter 'jwtAuthFilter' configured for use
2024-06-10 13:25:59 [main] INFO  c.n.usermodule.UserModuleApplication - Started UserModuleApplication in 5.161 seconds (process running for 5.633)
2024-06-10 13:26:08 [http-nio-8085-exec-1] DEBUG c.n.u.service.impl.AuthServiceImpl - Inside authenticate User
2024-06-10 13:26:08 [http-nio-8085-exec-1] DEBUG c.n.u.service.impl.UserServiceImpl - Inside getting user by email
2024-06-10 13:26:08 [http-nio-8085-exec-1] INFO  c.n.u.service.impl.AuthServiceImpl - Generating JWT Token
2024-06-10 13:26:08 [http-nio-8085-exec-1] DEBUG c.n.u.service.impl.AuthServiceImpl - Inside generateJWTToken function
2024-06-10 13:26:08 [http-nio-8085-exec-1] DEBUG c.n.u.service.impl.UserServiceImpl - Inside getting user by email
2024-06-10 13:26:08 [http-nio-8085-exec-1] DEBUG c.n.u.service.impl.UserServiceImpl - Inside getting user by email
2024-06-10 13:26:08 [http-nio-8085-exec-1] INFO  c.n.u.controller.AuthController - Login is successful
2024-06-10 13:29:18 [main] INFO  c.n.usermodule.UserModuleApplication - Starting UserModuleApplication using Java 17.0.11 with PID 27712 (C:\Users\kamadnayyar\OneDrive - Nagarro\Desktop\java-pathway\java-pathway\user-module\target\classes started by kamadnayyar in C:\Users\kamadnayyar\OneDrive - Nagarro\Desktop\java-pathway\java-pathway\user-module)
2024-06-10 13:29:18 [main] DEBUG c.n.usermodule.UserModuleApplication - Running with Spring Boot v3.2.5, Spring v6.1.6
2024-06-10 13:29:18 [main] INFO  c.n.usermodule.UserModuleApplication - No active profile set, falling back to 1 default profile: "default"
2024-06-10 13:29:22 [main] DEBUG c.n.usermodule.config.JwtAuthFilter - Filter 'jwtAuthFilter' configured for use
2024-06-10 13:29:23 [main] INFO  c.n.usermodule.UserModuleApplication - Started UserModuleApplication in 5.058 seconds (process running for 5.503)
2024-06-10 13:29:31 [http-nio-8085-exec-2] DEBUG c.n.u.service.impl.AuthServiceImpl - Inside authenticate User
2024-06-10 13:29:31 [http-nio-8085-exec-2] DEBUG c.n.u.service.impl.UserServiceImpl - Inside getting user by email
2024-06-10 13:29:31 [http-nio-8085-exec-2] INFO  c.n.u.service.impl.AuthServiceImpl - Generating JWT Token
2024-06-10 13:29:31 [http-nio-8085-exec-2] DEBUG c.n.u.service.impl.AuthServiceImpl - Inside generateJWTToken function
2024-06-10 13:29:31 [http-nio-8085-exec-2] DEBUG c.n.u.service.impl.UserServiceImpl - Inside getting user by email
2024-06-10 13:29:31 [http-nio-8085-exec-2] DEBUG c.n.u.service.impl.UserServiceImpl - Inside getting user by email
2024-06-10 13:29:31 [http-nio-8085-exec-2] INFO  c.n.u.controller.AuthController - Login is successful
2024-06-10 13:31:48 [main] INFO  c.n.usermodule.UserModuleApplication - Starting UserModuleApplication using Java 17.0.11 with PID 30204 (C:\Users\kamadnayyar\OneDrive - Nagarro\Desktop\java-pathway\java-pathway\user-module\target\classes started by kamadnayyar in C:\Users\kamadnayyar\OneDrive - Nagarro\Desktop\java-pathway\java-pathway\user-module)
2024-06-10 13:31:48 [main] DEBUG c.n.usermodule.UserModuleApplication - Running with Spring Boot v3.2.5, Spring v6.1.6
2024-06-10 13:31:48 [main] INFO  c.n.usermodule.UserModuleApplication - No active profile set, falling back to 1 default profile: "default"
2024-06-10 13:31:52 [main] DEBUG c.n.usermodule.config.JwtAuthFilter - Filter 'jwtAuthFilter' configured for use
2024-06-10 13:31:53 [main] INFO  c.n.usermodule.UserModuleApplication - Started UserModuleApplication in 5.322 seconds (process running for 5.778)
2024-06-10 13:32:02 [http-nio-8085-exec-2] DEBUG c.n.u.service.impl.AuthServiceImpl - Inside authenticate User
2024-06-10 13:32:02 [http-nio-8085-exec-2] DEBUG c.n.u.service.impl.UserServiceImpl - Inside getting user by email
2024-06-10 13:32:03 [http-nio-8085-exec-2] INFO  c.n.u.service.impl.AuthServiceImpl - Generating JWT Token
2024-06-10 13:32:03 [http-nio-8085-exec-2] DEBUG c.n.u.service.impl.AuthServiceImpl - Inside generateJWTToken function
2024-06-10 13:32:03 [http-nio-8085-exec-2] DEBUG c.n.u.service.impl.UserServiceImpl - Inside getting user by email
2024-06-10 13:32:03 [http-nio-8085-exec-2] DEBUG c.n.u.service.impl.UserServiceImpl - Inside getting user by email
2024-06-10 13:32:03 [http-nio-8085-exec-2] INFO  c.n.u.controller.AuthController - Login is successful
2024-06-10 13:34:07 [main] INFO  c.n.usermodule.UserModuleApplication - Starting UserModuleApplication using Java 17.0.11 with PID 32396 (C:\Users\kamadnayyar\OneDrive - Nagarro\Desktop\java-pathway\java-pathway\user-module\target\classes started by kamadnayyar in C:\Users\kamadnayyar\OneDrive - Nagarro\Desktop\java-pathway\java-pathway\user-module)
2024-06-10 13:34:07 [main] DEBUG c.n.usermodule.UserModuleApplication - Running with Spring Boot v3.2.5, Spring v6.1.6
2024-06-10 13:34:07 [main] INFO  c.n.usermodule.UserModuleApplication - No active profile set, falling back to 1 default profile: "default"
2024-06-10 13:34:12 [main] DEBUG c.n.usermodule.config.JwtAuthFilter - Filter 'jwtAuthFilter' configured for use
2024-06-10 13:34:13 [main] INFO  c.n.usermodule.UserModuleApplication - Started UserModuleApplication in 6.603 seconds (process running for 8.809)
2024-06-10 13:34:39 [http-nio-8085-exec-2] DEBUG c.n.u.service.impl.AuthServiceImpl - Inside authenticate User
2024-06-10 13:34:39 [http-nio-8085-exec-2] DEBUG c.n.u.service.impl.UserServiceImpl - Inside getting user by email
2024-06-10 13:34:39 [http-nio-8085-exec-2] INFO  c.n.u.service.impl.AuthServiceImpl - Generating JWT Token
2024-06-10 13:34:39 [http-nio-8085-exec-2] DEBUG c.n.u.service.impl.AuthServiceImpl - Inside generateJWTToken function
2024-06-10 13:34:39 [http-nio-8085-exec-2] DEBUG c.n.u.service.impl.UserServiceImpl - Inside getting user by email
2024-06-10 13:34:39 [http-nio-8085-exec-2] DEBUG c.n.u.service.impl.UserServiceImpl - Inside getting user by email
2024-06-10 13:34:39 [http-nio-8085-exec-2] INFO  c.n.u.controller.AuthController - Login is successful
2024-06-10 13:35:58 [main] INFO  c.n.usermodule.UserModuleApplication - Starting UserModuleApplication using Java 17.0.11 with PID 32136 (C:\Users\kamadnayyar\OneDrive - Nagarro\Desktop\java-pathway\java-pathway\user-module\target\classes started by kamadnayyar in C:\Users\kamadnayyar\OneDrive - Nagarro\Desktop\java-pathway\java-pathway\user-module)
2024-06-10 13:35:58 [main] DEBUG c.n.usermodule.UserModuleApplication - Running with Spring Boot v3.2.5, Spring v6.1.6
2024-06-10 13:35:58 [main] INFO  c.n.usermodule.UserModuleApplication - No active profile set, falling back to 1 default profile: "default"
2024-06-10 13:36:02 [main] DEBUG c.n.usermodule.config.JwtAuthFilter - Filter 'jwtAuthFilter' configured for use
2024-06-10 13:36:03 [main] INFO  c.n.usermodule.UserModuleApplication - Started UserModuleApplication in 5.553 seconds (process running for 6.032)
2024-06-10 13:36:09 [http-nio-8085-exec-2] DEBUG c.n.u.service.impl.AuthServiceImpl - Inside authenticate User
2024-06-10 13:36:09 [http-nio-8085-exec-2] DEBUG c.n.u.service.impl.UserServiceImpl - Inside getting user by email
2024-06-10 13:36:09 [http-nio-8085-exec-2] INFO  c.n.u.service.impl.AuthServiceImpl - Generating JWT Token
2024-06-10 13:36:09 [http-nio-8085-exec-2] DEBUG c.n.u.service.impl.AuthServiceImpl - Inside generateJWTToken function
2024-06-10 13:36:09 [http-nio-8085-exec-2] DEBUG c.n.u.service.impl.UserServiceImpl - Inside getting user by email
2024-06-10 13:36:09 [http-nio-8085-exec-2] DEBUG c.n.u.service.impl.UserServiceImpl - Inside getting user by email
2024-06-10 13:36:09 [http-nio-8085-exec-2] INFO  c.n.u.controller.AuthController - Login is successful
2024-06-10 13:36:24 [http-nio-8085-exec-3] DEBUG c.n.u.service.impl.UserServiceImpl - Inside Add Admin
2024-06-10 13:36:24 [http-nio-8085-exec-3] INFO  c.n.u.service.impl.UserServiceImpl - Password is encrypted inside Add Admin
2024-06-10 13:36:24 [http-nio-8085-exec-3] DEBUG c.n.u.service.impl.UserServiceImpl - Admin is saved
2024-06-10 13:36:24 [http-nio-8085-exec-3] INFO  c.n.u.controller.UserController - New Admin Created
2024-06-10 15:43:07 [main] INFO  c.n.usermodule.UserModuleApplication - Starting UserModuleApplication using Java 17.0.11 with PID 34372 (C:\Users\kamadnayyar\OneDrive - Nagarro\Desktop\java-pathway\java-pathway\user-module\target\classes started by kamadnayyar in C:\Users\kamadnayyar\OneDrive - Nagarro\Desktop\java-pathway\java-pathway\user-module)
2024-06-10 15:43:07 [main] DEBUG c.n.usermodule.UserModuleApplication - Running with Spring Boot v3.2.5, Spring v6.1.6
2024-06-10 15:43:07 [main] INFO  c.n.usermodule.UserModuleApplication - No active profile set, falling back to 1 default profile: "default"
2024-06-10 15:43:12 [main] DEBUG c.n.usermodule.config.JwtAuthFilter - Filter 'jwtAuthFilter' configured for use
2024-06-10 15:43:13 [main] INFO  c.n.usermodule.UserModuleApplication - Started UserModuleApplication in 5.897 seconds (process running for 7.485)
2024-06-10 15:43:31 [http-nio-8085-exec-1] DEBUG c.n.u.service.impl.AuthServiceImpl - Inside authenticate User
2024-06-10 15:43:31 [http-nio-8085-exec-1] DEBUG c.n.u.service.impl.UserServiceImpl - Inside getting user by email
2024-06-10 15:43:32 [http-nio-8085-exec-1] INFO  c.n.u.service.impl.AuthServiceImpl - Generating JWT Token
2024-06-10 15:43:32 [http-nio-8085-exec-1] DEBUG c.n.u.service.impl.AuthServiceImpl - Inside generateJWTToken function
2024-06-10 15:43:32 [http-nio-8085-exec-1] DEBUG c.n.u.service.impl.UserServiceImpl - Inside getting user by email
2024-06-10 15:43:32 [http-nio-8085-exec-1] DEBUG c.n.u.service.impl.UserServiceImpl - Inside getting user by email
2024-06-10 15:43:32 [http-nio-8085-exec-1] INFO  c.n.u.controller.AuthController - Login is successful
2024-06-10 15:44:36 [http-nio-8085-exec-7] DEBUG c.n.u.service.impl.UserServiceImpl - Inside getting user by userId
2024-06-10 15:44:36 [http-nio-8085-exec-7] INFO  c.n.u.controller.UserController - Fetched a user by id
2024-06-10 15:44:59 [http-nio-8085-exec-10] DEBUG c.n.u.service.impl.UserServiceImpl - Inside getting user by userId
2024-06-10 15:44:59 [http-nio-8085-exec-10] INFO  c.n.u.controller.UserController - Fetched a user by id
